<?xml version="1.0" encoding="UTF-8"?>
<!-- Generated by org.testng.reporters.JUnitXMLReporter -->
<testsuite hostname="DESKTOP-A90CDF7" ignored="0" name="Command line test" tests="4" failures="0" timestamp="2020-10-16T23:45:49 IST" time="26.024" errors="0">
  <testcase name="Test_1_Add" time="3.541" classname="org.example.AppTest"/>
  <testcase name="Test_2_sub" time="3.215" classname="org.example.AppTest"/>
  <testcase name="Test_3_Mul" time="3.153" classname="org.example.AppTest"/>
  <testcase name="Test_4_Div" time="3.288" classname="org.example.AppTest"/>
</testsuite> <!-- Command line test -->
